# JRE version: OpenJDK Runtime Environment (8.0_152-b02) (build 1.8.0_152-release-1024-b02)
# Java VM: OpenJDK 64-Bit Server VM (25.152-b02 mixed mode windows-amd64 compressed oops)
Heap:
 PSYoungGen      total 424448K, used 62975K [0x00000000e0000000, 0x0000000100000000, 0x0000000100000000)
  eden space 361472K, 0% used [0x00000000e0000000,0x00000000e0000000,0x00000000f6100000)
  from space 62976K, 99% used [0x00000000fc280000,0x00000000fffffdc0,0x0000000100000000)
  to   space 81408K, 0% used [0x00000000f6100000,0x00000000f6100000,0x00000000fb080000)
 ParOldGen       total 437760K, used 386447K [0x00000000a0000000, 0x00000000bab80000, 0x00000000e0000000)
  object space 437760K, 88% used [0x00000000a0000000,0x00000000b7963d18,0x00000000bab80000)
 Metaspace       used 151610K, capacity 157762K, committed 178200K, reserved 1198080K
  class space    used 17733K, capacity 19176K, committed 29480K, reserved 1048576K
GC Heap History (10 events):
Event: 30390.183 GC heap after
Heap after GC invocations=187 (full 15):
 PSYoungGen      total 455168K, used 47959K [0x00000000e0000000, 0x00000000fff80000, 0x0000000100000000)
  eden space 388608K, 0% used [0x00000000e0000000,0x00000000e0000000,0x00000000f7b80000)
  from space 66560K, 72% used [0x00000000fbd80000,0x00000000fec55c98,0x00000000ffe80000)
  to   space 67584K, 0% used [0x00000000f7b80000,0x00000000f7b80000,0x00000000fbd80000)
 ParOldGen       total 437760K, used 299207K [0x00000000a0000000, 0x00000000bab80000, 0x00000000e0000000)
  object space 437760K, 68% used [0x00000000a0000000,0x00000000b2431f98,0x00000000bab80000)
 Metaspace       used 137653K, capacity 142930K, committed 177944K, reserved 1198080K
  class space    used 15919K, capacity 17146K, committed 29480K, reserved 1048576K
}
Event: 30391.732 GC heap before
{Heap before GC invocations=188 (full 15):
 PSYoungGen      total 455168K, used 436567K [0x00000000e0000000, 0x00000000fff80000, 0x0000000100000000)
  eden space 388608K, 100% used [0x00000000e0000000,0x00000000f7b80000,0x00000000f7b80000)
  from space 66560K, 72% used [0x00000000fbd80000,0x00000000fec55c98,0x00000000ffe80000)
  to   space 67584K, 0% used [0x00000000f7b80000,0x00000000f7b80000,0x00000000fbd80000)
 ParOldGen       total 437760K, used 299207K [0x00000000a0000000, 0x00000000bab80000, 0x00000000e0000000)
  object space 437760K, 68% used [0x00000000a0000000,0x00000000b2431f98,0x00000000bab80000)
 Metaspace       used 139430K, capacity 144948K, committed 177944K, reserved 1198080K
  class space    used 16144K, capacity 17417K, committed 29480K, reserved 1048576K
Event: 30391.749 GC heap after
Heap after GC invocations=188 (full 15):
 PSYoungGen      total 456192K, used 28166K [0x00000000e0000000, 0x00000000fff00000, 0x0000000100000000)
  eden space 388608K, 0% used [0x00000000e0000000,0x00000000e0000000,0x00000000f7b80000)
  from space 67584K, 41% used [0x00000000f7b80000,0x00000000f9701ae8,0x00000000fbd80000)
  to   space 66560K, 0% used [0x00000000fbe00000,0x00000000fbe00000,0x00000000fff00000)
 ParOldGen       total 437760K, used 300975K [0x00000000a0000000, 0x00000000bab80000, 0x00000000e0000000)
  object space 437760K, 68% used [0x00000000a0000000,0x00000000b25ebe78,0x00000000bab80000)
 Metaspace       used 139430K, capacity 144948K, committed 177944K, reserved 1198080K
  class space    used 16144K, capacity 17417K, committed 29480K, reserved 1048576K
}
Event: 30392.863 GC heap before
{Heap before GC invocations=189 (full 15):
 PSYoungGen      total 456192K, used 416774K [0x00000000e0000000, 0x00000000fff00000, 0x0000000100000000)
  eden space 388608K, 100% used [0x00000000e0000000,0x00000000f7b80000,0x00000000f7b80000)
  from space 67584K, 41% used [0x00000000f7b80000,0x00000000f9701ae8,0x00000000fbd80000)
  to   space 66560K, 0% used [0x00000000fbe00000,0x00000000fbe00000,0x00000000fff00000)
 ParOldGen       total 437760K, used 300975K [0x00000000a0000000, 0x00000000bab80000, 0x00000000e0000000)
  object space 437760K, 68% used [0x00000000a0000000,0x00000000b25ebe78,0x00000000bab80000)
 Metaspace       used 139672K, capacity 145172K, committed 177944K, reserved 1198080K
  class space    used 16171K, capacity 17449K, committed 29480K, reserved 1048576K
Event: 30392.910 GC heap after
Heap after GC invocations=189 (full 15):
 PSYoungGen      total 451584K, used 38350K [0x00000000e0000000, 0x00000000ffa00000, 0x0000000100000000)
  eden space 390144K, 0% used [0x00000000e0000000,0x00000000e0000000,0x00000000f7d00000)
  from space 61440K, 62% used [0x00000000fbe00000,0x00000000fe373a00,0x00000000ffa00000)
  to   space 64000K, 0% used [0x00000000f7d00000,0x00000000f7d00000,0x00000000fbb80000)
 ParOldGen       total 437760K, used 323829K [0x00000000a0000000, 0x00000000bab80000, 0x00000000e0000000)
  object space 437760K, 73% used [0x00000000a0000000,0x00000000b3c3d538,0x00000000bab80000)
 Metaspace       used 139672K, capacity 145172K, committed 177944K, reserved 1198080K
  class space    used 16171K, capacity 17449K, committed 29480K, reserved 1048576K
}
Event: 30815.673 GC heap before
{Heap before GC invocations=190 (full 15):
 PSYoungGen      total 451584K, used 427605K [0x00000000e0000000, 0x00000000ffa00000, 0x0000000100000000)
  eden space 390144K, 99% used [0x00000000e0000000,0x00000000f7c21cc8,0x00000000f7d00000)
  from space 61440K, 62% used [0x00000000fbe00000,0x00000000fe373a00,0x00000000ffa00000)
  to   space 64000K, 0% used [0x00000000f7d00000,0x00000000f7d00000,0x00000000fbb80000)
 ParOldGen       total 437760K, used 323829K [0x00000000a0000000, 0x00000000bab80000, 0x00000000e0000000)
  object space 437760K, 73% used [0x00000000a0000000,0x00000000b3c3d538,0x00000000bab80000)
 Metaspace       used 141417K, capacity 147046K, committed 177944K, reserved 1198080K
  class space    used 16365K, capacity 17720K, committed 29480K, reserved 1048576K
Event: 30815.734 GC heap after
Heap after GC invocations=190 (full 15):
 PSYoungGen      total 454144K, used 26850K [0x00000000e0000000, 0x0000000100000000, 0x0000000100000000)
  eden space 390144K, 0% used [0x00000000e0000000,0x00000000e0000000,0x00000000f7d00000)
  from space 64000K, 41% used [0x00000000f7d00000,0x00000000f9738890,0x00000000fbb80000)
  to   space 62976K, 0% used [0x00000000fc280000,0x00000000fc280000,0x0000000100000000)
 ParOldGen       total 437760K, used 356056K [0x00000000a0000000, 0x00000000bab80000, 0x00000000e0000000)
  object space 437760K, 81% used [0x00000000a0000000,0x00000000b5bb60a0,0x00000000bab80000)
 Metaspace       used 141417K, capacity 147046K, committed 177944K, reserved 1198080K
  class space    used 16365K, capacity 17720K, committed 29480K, reserved 1048576K
}
Event: 30817.351 GC heap before
{Heap before GC invocations=191 (full 15):
 PSYoungGen      total 454144K, used 416994K [0x00000000e0000000, 0x0000000100000000, 0x0000000100000000)
  eden space 390144K, 100% used [0x00000000e0000000,0x00000000f7d00000,0x00000000f7d00000)
  from space 64000K, 41% used [0x00000000f7d00000,0x00000000f9738890,0x00000000fbb80000)
  to   space 62976K, 0% used [0x00000000fc280000,0x00000000fc280000,0x0000000100000000)
 ParOldGen       total 437760K, used 356056K [0x00000000a0000000, 0x00000000bab80000, 0x00000000e0000000)
  object space 437760K, 81% used [0x00000000a0000000,0x00000000b5bb60a0,0x00000000bab80000)
 Metaspace       used 151610K, capacity 157762K, committed 178200K, reserved 1198080K
  class space    used 17733K, capacity 19176K, committed 29480K, reserved 1048576K
Event: 30817.419 GC heap after
Heap after GC invocations=191 (full 15):
 PSYoungGen      total 424448K, used 62975K [0x00000000e0000000, 0x0000000100000000, 0x0000000100000000)
  eden space 361472K, 0% used [0x00000000e0000000,0x00000000e0000000,0x00000000f6100000)
  from space 62976K, 99% used [0x00000000fc280000,0x00000000fffffdc0,0x0000000100000000)
  to   space 81408K, 0% used [0x00000000f6100000,0x00000000f6100000,0x00000000fb080000)
 ParOldGen       total 437760K, used 386447K [0x00000000a0000000, 0x00000000bab80000, 0x00000000e0000000)
  object space 437760K, 88% used [0x00000000a0000000,0x00000000b7963d18,0x00000000bab80000)
 Metaspace       used 151610K, capacity 157762K, committed 178200K, reserved 1198080K
  class space    used 17733K, capacity 19176K, committed 29480K, reserved 1048576K
}
Event: 30817.419 GC heap before
{Heap before GC invocations=192 (full 16):
 PSYoungGen      total 424448K, used 62975K [0x00000000e0000000, 0x0000000100000000, 0x0000000100000000)
  eden space 361472K, 0% used [0x00000000e0000000,0x00000000e0000000,0x00000000f6100000)
  from space 62976K, 99% used [0x00000000fc280000,0x00000000fffffdc0,0x0000000100000000)
  to   space 81408K, 0% used [0x00000000f6100000,0x00000000f6100000,0x00000000fb080000)
 ParOldGen       total 437760K, used 386447K [0x00000000a0000000, 0x00000000bab80000, 0x00000000e0000000)
  object space 437760K, 88% used [0x00000000a0000000,0x00000000b7963d18,0x00000000bab80000)
 Metaspace       used 151610K, capacity 157762K, committed 178200K, reserved 1198080K
  class space    used 17733K, capacity 19176K, committed 29480K, reserved 1048576K

